[debug] [2018-07-23T21:53:32.786Z] ----------------------------------------------------------------------
[debug] [2018-07-23T21:53:32.795Z] Command:       C:\Program Files\nodejs\node.exe C:\Users\sebas\AppData\Roaming\npm\node_modules\firebase-tools\bin\firebase serve --only functions,hosting
[debug] [2018-07-23T21:53:32.795Z] CLI Version:   3.19.3
[debug] [2018-07-23T21:53:32.795Z] Platform:      win32
[debug] [2018-07-23T21:53:32.795Z] Node Version:  v9.11.1
[debug] [2018-07-23T21:53:32.796Z] Time:          Mon Jul 23 2018 23:53:32 GMT+0200 (Mitteleuropäische Sommerzeit)
[debug] [2018-07-23T21:53:32.796Z] ----------------------------------------------------------------------
[debug] 
[debug] [2018-07-23T21:53:32.806Z] > command requires scopes: ["email","openid","https://www.googleapis.com/auth/cloudplatformprojects.readonly","https://www.googleapis.com/auth/firebase","https://www.googleapis.com/auth/cloud-platform"]
[debug] [2018-07-23T21:53:32.806Z] > authorizing via signed-in user
[debug] [2018-07-23T21:53:32.806Z] > refreshing access token with scopes: ["email","https://www.googleapis.com/auth/cloud-platform","https://www.googleapis.com/auth/cloudplatformprojects.readonly","https://www.googleapis.com/auth/firebase","openid"]
[debug] [2018-07-23T21:53:32.806Z] >>> HTTP REQUEST POST https://www.googleapis.com/oauth2/v3/token  
 { refresh_token: '1/7DwfwM45xT02-cR0lc3J5nz1Qnk2rh1NlygtLucoG0s',
  client_id: '563584335869-fgrhgmd47bqnekij5i8b5pr03ho849e6.apps.googleusercontent.com',
  client_secret: 'j9iVZfS8kkCEFUPaAeJV0sAi',
  grant_type: 'refresh_token',
  scope: 'email https://www.googleapis.com/auth/cloud-platform https://www.googleapis.com/auth/cloudplatformprojects.readonly https://www.googleapis.com/auth/firebase openid' } 
 Mon Jul 23 2018 23:53:32 GMT+0200 (Mitteleuropäische Sommerzeit)
[debug] [2018-07-23T21:53:33.007Z] <<< HTTP RESPONSE 200
[debug] [2018-07-23T21:53:33.024Z] >>> HTTP REQUEST GET https://admin.firebase.com/v1/projects/knochenbruchgilde  
  
 Mon Jul 23 2018 23:53:33 GMT+0200 (Mitteleuropäische Sommerzeit)
[debug] [2018-07-23T21:53:33.941Z] <<< HTTP RESPONSE 200
[debug] [2018-07-23T21:53:33.942Z] >>> HTTP REQUEST GET https://admin.firebase.com/v1/database/knochenbruchgilde/tokens  
  
 Mon Jul 23 2018 23:53:33 GMT+0200 (Mitteleuropäische Sommerzeit)
[debug] [2018-07-23T21:53:34.731Z] <<< HTTP RESPONSE 200
[debug] [2018-07-23T21:53:34.734Z] >>> HTTP REQUEST GET https://cloudresourcemanager.googleapis.com/v1/projects/knochenbruchgilde  
  
 Mon Jul 23 2018 23:53:34 GMT+0200 (Mitteleuropäische Sommerzeit)
[debug] [2018-07-23T21:53:35.654Z] <<< HTTP RESPONSE 200
[info] 
[info] === Serving from 'C:\Users\sebas\OneDrive\Desktop\ssr-starter'...
[info] 
[info] i  functions: Preparing to emulate functions.
[debug] [2018-07-23T21:53:37.075Z] Fetching environment
[debug] [2018-07-23T21:53:37.080Z] >>> HTTP REQUEST GET https://mobilesdk-pa.googleapis.com/v1/projects/329379029712:getServerAppConfig  
  
 Mon Jul 23 2018 23:53:37 GMT+0200 (Mitteleuropäische Sommerzeit)
[debug] [2018-07-23T21:53:37.081Z] >>> HTTP REQUEST GET https://mobilesdk-pa.googleapis.com/v1/projects/329379029712/clients/_:getWebAppConfig  
  
 Mon Jul 23 2018 23:53:37 GMT+0200 (Mitteleuropäische Sommerzeit)
[debug] [2018-07-23T21:53:37.756Z] <<< HTTP RESPONSE 200
[debug] [2018-07-23T21:53:37.793Z] <<< HTTP RESPONSE 200
[debug] [2018-07-23T21:53:37.793Z] Starting @google-cloud/functions-emulator
[info] i  hosting: Serving hosting files from: public
[info] +  hosting: Local server: http://localhost:5000

[debug] [2018-07-23T21:53:40.905Z] Parsing function triggers
[info] +  functions: ssr: http://localhost:5001/knochenbruchgilde/us-central1/ssr
[info] [hosting] Rewriting /post/post2 to local function ssr
